160293750000000000
65786082327129600
74064304162626632
170769846247809063
56158683057166071
3932783273974816
9865839932312478
25365936186744035
69244073904430559
56637010385559392
2390594552024931
294976923861677936
584148281011890624
21744010280081617
23452232500060053
44580735639967032
278030846682111768
304004598874945976
2298432055799589
18871018254018785
70393083133342456
11961338967926256
319225409096912368
85293101779531736
67270595936458280
478657027235332378
280067859032135564
4505669952349608
64997365592602776
130357798570767370
276581969972935
33743845283841951
76899870424893728
32276208320000000
91693923954736232
2335350857338418
478888340503776
15292436120819370
102224525949982357
171704498368193664
18321413788272190
