RUNES SATISFIED!
RUNES UNSATISFIABLE! TRY ANOTHER GATE!
RUNES SATISFIED!
RUNES UNSATISFIABLE! TRY ANOTHER GATE!
RUNES SATISFIED!
RUNES UNSATISFIABLE! TRY ANOTHER GATE!
RUNES UNSATISFIABLE! TRY ANOTHER GATE!
RUNES SATISFIED!
RUNES SATISFIED!
RUNES UNSATISFIABLE! TRY ANOTHER GATE!
RUNES UNSATISFIABLE! TRY ANOTHER GATE!
RUNES SATISFIED!
INVALID: RUNE CONTAINS A REPEATED RING
INVALID: NULL RING
INVALID: NULL RING
INVALID: RING MISSING
INVALID: RING MISSING
INVALID: NULL RING
INVALID: NULL RING
RUNES SATISFIED!
INVALID: RUNE CONTAINS A REPEATED RING
INVALID: NULL RING
INVALID: NULL RING
INVALID: RING MISSING
INVALID: RING MISSING
INVALID: NULL RING
INVALID: NULL RING
RUNES SATISFIED!
INVALID: NULL RING
INVALID: RUNE CONTAINS A REPEATED RING
